<?xml version="1.0" encoding="UTF-8"?>
<!-- Generated by org.testng.reporters.JUnitReportReporter -->
<testsuite hostname="LAPTOP-C5P36LJF" failures="0" tests="4" name="com.testngdemo.Example2" time="0.032" errors="0" timestamp="2024-04-18T08:41:18 IST" skipped="0">
  <testcase classname="com.testngdemo.Example2" name="testCase1" time="0.017"/>
  <system-out/>
  <testcase classname="com.testngdemo.Example2" name="testCase3" time="0.003"/>
  <system-out/>
  <testcase classname="com.testngdemo.Example2" name="testCase4" time="0.005"/>
  <system-out/>
  <testcase classname="com.testngdemo.Example2" name="testCase2" time="0.007"/>
  <system-out/>
</testsuite> <!-- com.testngdemo.Example2 -->
