<?xml version="1.0" encoding="UTF-8"?>
<!-- Generated by org.testng.reporters.JUnitReportReporter -->
<testsuite hostname="LAPTOP-C5P36LJF" failures="0" tests="1" name="com.testngdemo.Example1" time="0.016" errors="0" timestamp="2024-04-18T08:35:27 IST" skipped="0">
  <testcase classname="com.testngdemo.Example1" name="testCase1" time="0.016"/>
  <system-out/>
</testsuite> <!-- com.testngdemo.Example1 -->
