<?xml version="1.0" encoding="UTF-8"?>
<!-- Generated by org.testng.reporters.JUnitReportReporter -->
<testsuite hostname="LAPTOP-C5P36LJF" failures="0" tests="3" name="com.testngdemo.OrnageHRM_PIM" time="44.458" errors="0" timestamp="2024-04-20T14:45:00 IST" skipped="0">
  <testcase classname="com.testngdemo.OrnageHRM_PIM" name="testPIM_Creation" time="11.832"/>
  <system-out/>
  <testcase classname="com.testngdemo.OrnageHRM_PIM" name="testPIM_Update" time="21.500"/>
  <system-out/>
  <testcase classname="com.testngdemo.OrnageHRM_PIM" name="testPIM_Delete" time="11.126"/>
  <system-out/>
</testsuite> <!-- com.testngdemo.OrnageHRM_PIM -->
