<?xml version="1.0" encoding="UTF-8"?>
<!-- Generated by org.testng.reporters.JUnitReportReporter -->
<testsuite hostname="LAPTOP-C5P36LJF" failures="0" tests="3" name="com.testngdemo.NewOrnageHRM_PIM" time="43.681" errors="0" timestamp="2024-04-21T08:12:21 IST" skipped="0">
  <testcase classname="com.testngdemo.NewOrnageHRM_PIM" name="testPIM_Creation" time="14.033"/>
  <system-out/>
  <testcase classname="com.testngdemo.NewOrnageHRM_PIM" name="testPIM_Update" time="18.302"/>
  <system-out/>
  <testcase classname="com.testngdemo.NewOrnageHRM_PIM" name="testPIM_Delete" time="11.346"/>
  <system-out/>
</testsuite> <!-- com.testngdemo.NewOrnageHRM_PIM -->
