<?xml version="1.0" encoding="UTF-8"?>
<!-- Generated by org.testng.reporters.JUnitReportReporter -->
<testsuite hostname="LAPTOP-C5P36LJF" failures="0" tests="5" name="com.testngdemo.Example3" time="0.025" errors="0" timestamp="2024-04-18T08:55:13 IST" skipped="1">
  <testcase classname="com.testngdemo.Example3" name="testCase5" time="0.014"/>
  <system-out/>
  <testcase classname="com.testngdemo.Example3" name="testCase2" time="0.004"/>
  <system-out/>
  <testcase classname="com.testngdemo.Example3" name="testCase3" time="0.004"/>
  <system-out/>
  <testcase classname="com.testngdemo.Example3" name="testCase4" time="0.003"/>
  <system-out/>
  <testcase classname="com.testngdemo.Example3" name="testCase1">
    <skipped/>
  </testcase> <!-- testCase1 -->
  <system-out/>
</testsuite> <!-- com.testngdemo.Example3 -->
