<?xml version="1.0" encoding="UTF-8"?>
<!-- Generated by org.testng.reporters.JUnitReportReporter -->
<testsuite hostname="LAPTOP-C5P36LJF" failures="0" tests="4" name="com.testngdemo.Assignment1" time="72.222" errors="0" timestamp="2024-04-21T08:36:54 IST" skipped="0">
  <testcase classname="com.testngdemo.Assignment1" name="sourceDemoShopping" time="7.580"/>
  <system-out/>
  <testcase classname="com.testngdemo.Assignment1" name="orangeHRM_PIMCreation" time="25.979"/>
  <system-out/>
  <testcase classname="com.testngdemo.Assignment1" name="orangeHRM_PIMUpdate" time="24.197"/>
  <system-out/>
  <testcase classname="com.testngdemo.Assignment1" name="orangeHRM_PIMDelete" time="14.466"/>
  <system-out/>
</testsuite> <!-- com.testngdemo.Assignment1 -->
